<?xml version="1.0" encoding="UTF-8"?>
<testsuite xmlns:xsi="http://www.w3.org/2001/XMLSchema-instance" xsi:noNamespaceSchemaLocation="https://maven.apache.org/surefire/maven-surefire-plugin/xsd/surefire-test-report.xsd" name="App_Test" time="0.98" tests="1" errors="0" skipped="0" failures="0">
  <properties>
    <property name="sun.desktop" value="windows"/>
    <property name="awt.toolkit" value="sun.awt.windows.WToolkit"/>
    <property name="java.specification.version" value="11"/>
    <property name="sun.cpu.isalist" value="amd64"/>
    <property name="sun.jnu.encoding" value="Cp1252"/>
    <property name="java.class.path" value="C:\Users\Liceth Flores\Documents\GitHub\testing-aero\tripulante\WebApi\target\test-classes;C:\Users\Liceth Flores\Documents\GitHub\testing-aero\tripulante\WebApi\target\classes;C:\Users\Liceth Flores\Documents\GitHub\testing-aero\tripulante\Application\target\Application-1.0.jar;C:\Users\Liceth Flores\Documents\GitHub\testing-aero\tripulante\Domain\target\Domain-1.0.jar;C:\Users\Liceth Flores\Documents\GitHub\testing-aero\tripulante\SharedKernel\target\SharedKernel-1.0.jar;C:\Users\Liceth Flores\Documents\GitHub\testing-aero\tripulante\fourteam\target\fourteam-1.0.jar;C:\Users\Liceth Flores\.m2\repository\com\google\code\gson\gson\2.9.0\gson-2.9.0.jar;C:\Users\Liceth Flores\Documents\GitHub\testing-aero\tripulante\fourteam\lib\httpserver-1.0.8.Final.jar;C:\Users\Liceth Flores\.m2\repository\org\json\json\20210307\json-20210307.jar;C:\Users\Liceth Flores\.m2\repository\org\yaml\snakeyaml\1.30\snakeyaml-1.30.jar;C:\Users\Liceth Flores\Documents\GitHub\testing-aero\tripulante\Infraestructure\target\Infraestructure-1.0.jar;C:\Users\Liceth Flores\.m2\repository\org\mongodb\mongo-java-driver\3.12.3\mongo-java-driver-3.12.3.jar;C:\Users\Liceth Flores\.m2\repository\junit\junit\4.13.2\junit-4.13.2.jar;C:\Users\Liceth Flores\.m2\repository\org\hamcrest\hamcrest-core\1.3\hamcrest-core-1.3.jar;C:\Users\Liceth Flores\.m2\repository\org\mockito\mockito-core\2.21.0\mockito-core-2.21.0.jar;C:\Users\Liceth Flores\.m2\repository\net\bytebuddy\byte-buddy\1.8.15\byte-buddy-1.8.15.jar;C:\Users\Liceth Flores\.m2\repository\net\bytebuddy\byte-buddy-agent\1.8.15\byte-buddy-agent-1.8.15.jar;C:\Users\Liceth Flores\.m2\repository\org\objenesis\objenesis\2.6\objenesis-2.6.jar;"/>
    <property name="java.vm.vendor" value="Oracle Corporation"/>
    <property name="sun.arch.data.model" value="64"/>
    <property name="user.variant" value=""/>
    <property name="java.vendor.url" value="https://openjdk.java.net/"/>
    <property name="user.timezone" value="America/La_Paz"/>
    <property name="java.vm.specification.version" value="11"/>
    <property name="os.name" value="Windows 10"/>
    <property name="sun.java.launcher" value="SUN_STANDARD"/>
    <property name="user.country" value="ES"/>
    <property name="sun.boot.library.path" value="C:\Program Files\OpenJDK\jdk-11.0.8.10-hotspot\bin"/>
    <property name="sun.java.command" value="C:\Users\LICETH~1\AppData\Local\Temp\surefire4255554916597331879\surefirebooter15467451527481781608.jar C:\Users\Liceth Flores\AppData\Local\Temp\surefire4255554916597331879 2022-06-04T02-35-47_593-jvmRun1 surefire1254153964176768339tmp surefire_4349291924068700824tmp"/>
    <property name="jdk.debug" value="release"/>
    <property name="surefire.test.class.path" value="C:\Users\Liceth Flores\Documents\GitHub\testing-aero\tripulante\WebApi\target\test-classes;C:\Users\Liceth Flores\Documents\GitHub\testing-aero\tripulante\WebApi\target\classes;C:\Users\Liceth Flores\Documents\GitHub\testing-aero\tripulante\Application\target\Application-1.0.jar;C:\Users\Liceth Flores\Documents\GitHub\testing-aero\tripulante\Domain\target\Domain-1.0.jar;C:\Users\Liceth Flores\Documents\GitHub\testing-aero\tripulante\SharedKernel\target\SharedKernel-1.0.jar;C:\Users\Liceth Flores\Documents\GitHub\testing-aero\tripulante\fourteam\target\fourteam-1.0.jar;C:\Users\Liceth Flores\.m2\repository\com\google\code\gson\gson\2.9.0\gson-2.9.0.jar;C:\Users\Liceth Flores\Documents\GitHub\testing-aero\tripulante\fourteam\lib\httpserver-1.0.8.Final.jar;C:\Users\Liceth Flores\.m2\repository\org\json\json\20210307\json-20210307.jar;C:\Users\Liceth Flores\.m2\repository\org\yaml\snakeyaml\1.30\snakeyaml-1.30.jar;C:\Users\Liceth Flores\Documents\GitHub\testing-aero\tripulante\Infraestructure\target\Infraestructure-1.0.jar;C:\Users\Liceth Flores\.m2\repository\org\mongodb\mongo-java-driver\3.12.3\mongo-java-driver-3.12.3.jar;C:\Users\Liceth Flores\.m2\repository\junit\junit\4.13.2\junit-4.13.2.jar;C:\Users\Liceth Flores\.m2\repository\org\hamcrest\hamcrest-core\1.3\hamcrest-core-1.3.jar;C:\Users\Liceth Flores\.m2\repository\org\mockito\mockito-core\2.21.0\mockito-core-2.21.0.jar;C:\Users\Liceth Flores\.m2\repository\net\bytebuddy\byte-buddy\1.8.15\byte-buddy-1.8.15.jar;C:\Users\Liceth Flores\.m2\repository\net\bytebuddy\byte-buddy-agent\1.8.15\byte-buddy-agent-1.8.15.jar;C:\Users\Liceth Flores\.m2\repository\org\objenesis\objenesis\2.6\objenesis-2.6.jar;"/>
    <property name="sun.cpu.endian" value="little"/>
    <property name="user.home" value="C:\Users\Liceth Flores"/>
    <property name="user.language" value="es"/>
    <property name="java.specification.vendor" value="Oracle Corporation"/>
    <property name="java.version.date" value="2020-07-14"/>
    <property name="java.home" value="C:\Program Files\OpenJDK\jdk-11.0.8.10-hotspot"/>
    <property name="file.separator" value="\"/>
    <property name="basedir" value="C:\Users\Liceth Flores\Documents\GitHub\testing-aero\tripulante\WebApi"/>
    <property name="java.vm.compressedOopsMode" value="32-bit"/>
    <property name="line.separator" value="&#10;"/>
    <property name="java.specification.name" value="Java Platform API Specification"/>
    <property name="java.vm.specification.vendor" value="Oracle Corporation"/>
    <property name="java.awt.graphicsenv" value="sun.awt.Win32GraphicsEnvironment"/>
    <property name="surefire.real.class.path" value="C:\Users\LICETH~1\AppData\Local\Temp\surefire4255554916597331879\surefirebooter15467451527481781608.jar"/>
    <property name="user.script" value=""/>
    <property name="sun.management.compiler" value="HotSpot 64-Bit Tiered Compilers"/>
    <property name="java.runtime.version" value="11.0.8-internal+0-adhoc..jdk11u"/>
    <property name="user.name" value="Liceth Flores"/>
    <property name="path.separator" value=";"/>
    <property name="os.version" value="10.0"/>
    <property name="java.runtime.name" value="OpenJDK Runtime Environment"/>
    <property name="file.encoding" value="Cp1252"/>
    <property name="java.vm.name" value="OpenJDK 64-Bit Server VM"/>
    <property name="localRepository" value="C:\Users\Liceth Flores\.m2\repository"/>
    <property name="java.vendor.url.bug" value="https://bugreport.java.com/bugreport/"/>
    <property name="java.io.tmpdir" value="C:\Users\LICETH~1\AppData\Local\Temp\"/>
    <property name="java.version" value="11.0.8-internal"/>
    <property name="user.dir" value="C:\Users\Liceth Flores\Documents\GitHub\testing-aero\tripulante\WebApi"/>
    <property name="os.arch" value="amd64"/>
    <property name="java.vm.specification.name" value="Java Virtual Machine Specification"/>
    <property name="java.awt.printerjob" value="sun.awt.windows.WPrinterJob"/>
    <property name="sun.os.patch.level" value=""/>
    <property name="java.library.path" value="C:\Program Files\OpenJDK\jdk-11.0.8.10-hotspot\bin;C:\WINDOWS\Sun\Java\bin;C:\WINDOWS\system32;C:\WINDOWS;C:\Users\Liceth Flores\bin;C:\Program Files\Git\mingw64\bin;C:\Program Files\Git\usr\local\bin;C:\Program Files\Git\usr\bin;C:\Program Files\Git\usr\bin;C:\Program Files\Git\mingw64\bin;C:\Program Files\Git\usr\bin;C:\Users\Liceth Flores\bin;C:\Program Files\Eclipse Foundation\jdk-11.0.12.7-hotspot\bin;C:\Program Files\OpenJDK\jdk-11.0.8.10-hotspot\bin;C:\Program Files (x86)\Common Files\Intel\Shared Libraries\redist\intel64\compiler;C:\WINDOWS\system32;C:\WINDOWS;C:\WINDOWS\System32\Wbem;C:\WINDOWS\System32\WindowsPowerShell\v1.0;C:\Program Files\nodejs;C:\WINDOWS\System32\OpenSSH;C:\Program Files\Docker\Docker\resources\bin;C:\ProgramData\DockerDesktop\version-bin;C:\Program Files\Git\cmd;C:\Program Files\PuTTY;C:\Program Files\dotnet;C:\Users\Liceth Flores\AppData\Local\Microsoft\WindowsApps;C:\Users\Liceth Flores\AppData\Local\Programs\Microsoft VS Code\bin;C:\Users\Liceth Flores\AppData\Roaming\npm;C:\Users\Liceth Flores\AppData\Local\GitHubDesktop\bin;C:\Program Files\JetBrains\IntelliJ IDEA Community Edition 2021.3.2\bin;C:\Program Files\apache-maven-3.8.5\bin;C:\Program Files\Git\usr\bin\vendor_perl;C:\Program Files\Git\usr\bin\core_perl;."/>
    <property name="java.vm.info" value="mixed mode"/>
    <property name="java.vendor" value="N/A"/>
    <property name="java.vm.version" value="11.0.8-internal+0-adhoc..jdk11u"/>
    <property name="sun.io.unicode.encoding" value="UnicodeLittle"/>
    <property name="java.class.version" value="55.0"/>
  </properties>
  <testcase name="App_Ok" classname="App_Test" time="0.815"/>
</testsuite>